

Started GET "/" for 127.0.0.1 at 2015-05-05 11:33:37 -0400

PG::ConnectionBad (could not connect to server: No such file or directory
	Is the server running locally and accepting
	connections on Unix domain socket "/tmp/.s.PGSQL.5432"?
):
  activerecord (4.1.8) lib/active_record/connection_adapters/postgresql_adapter.rb:888:in `initialize'
  activerecord (4.1.8) lib/active_record/connection_adapters/postgresql_adapter.rb:888:in `new'
  activerecord (4.1.8) lib/active_record/connection_adapters/postgresql_adapter.rb:888:in `connect'
  activerecord (4.1.8) lib/active_record/connection_adapters/postgresql_adapter.rb:568:in `initialize'
  activerecord (4.1.8) lib/active_record/connection_adapters/postgresql_adapter.rb:41:in `new'
  activerecord (4.1.8) lib/active_record/connection_adapters/postgresql_adapter.rb:41:in `postgresql_connection'
  activerecord (4.1.8) lib/active_record/connection_adapters/abstract/connection_pool.rb:435:in `new_connection'
  activerecord (4.1.8) lib/active_record/connection_adapters/abstract/connection_pool.rb:445:in `checkout_new_connection'
  activerecord (4.1.8) lib/active_record/connection_adapters/abstract/connection_pool.rb:416:in `acquire_connection'
  activerecord (4.1.8) lib/active_record/connection_adapters/abstract/connection_pool.rb:351:in `block in checkout'
  /System/Library/Frameworks/Ruby.framework/Versions/2.0/usr/lib/ruby/2.0.0/monitor.rb:211:in `mon_synchronize'
  activerecord (4.1.8) lib/active_record/connection_adapters/abstract/connection_pool.rb:350:in `checkout'
  activerecord (4.1.8) lib/active_record/connection_adapters/abstract/connection_pool.rb:265:in `block in connection'
  /System/Library/Frameworks/Ruby.framework/Versions/2.0/usr/lib/ruby/2.0.0/monitor.rb:211:in `mon_synchronize'
  activerecord (4.1.8) lib/active_record/connection_adapters/abstract/connection_pool.rb:264:in `connection'
  activerecord (4.1.8) lib/active_record/connection_adapters/abstract/connection_pool.rb:541:in `retrieve_connection'
  activerecord (4.1.8) lib/active_record/connection_handling.rb:113:in `retrieve_connection'
  activerecord (4.1.8) lib/active_record/connection_handling.rb:87:in `connection'
  activerecord (4.1.8) lib/active_record/query_cache.rb:51:in `restore_query_cache_settings'
  activerecord (4.1.8) lib/active_record/query_cache.rb:43:in `rescue in call'
  activerecord (4.1.8) lib/active_record/query_cache.rb:32:in `call'
  activerecord (4.1.8) lib/active_record/connection_adapters/abstract/connection_pool.rb:621:in `call'
  activerecord (4.1.8) lib/active_record/migration.rb:380:in `call'
  actionpack (4.1.8) lib/action_dispatch/middleware/callbacks.rb:29:in `block in call'
  activesupport (4.1.8) lib/active_support/callbacks.rb:82:in `run_callbacks'
  actionpack (4.1.8) lib/action_dispatch/middleware/callbacks.rb:27:in `call'
  actionpack (4.1.8) lib/action_dispatch/middleware/reloader.rb:73:in `call'
  actionpack (4.1.8) lib/action_dispatch/middleware/remote_ip.rb:76:in `call'
  actionpack (4.1.8) lib/action_dispatch/middleware/debug_exceptions.rb:17:in `call'
  actionpack (4.1.8) lib/action_dispatch/middleware/show_exceptions.rb:30:in `call'
  railties (4.1.8) lib/rails/rack/logger.rb:38:in `call_app'
  railties (4.1.8) lib/rails/rack/logger.rb:20:in `block in call'
  activesupport (4.1.8) lib/active_support/tagged_logging.rb:68:in `block in tagged'
  activesupport (4.1.8) lib/active_support/tagged_logging.rb:26:in `tagged'
  activesupport (4.1.8) lib/active_support/tagged_logging.rb:68:in `tagged'
  railties (4.1.8) lib/rails/rack/logger.rb:20:in `call'
  actionpack (4.1.8) lib/action_dispatch/middleware/request_id.rb:21:in `call'
  rack (1.5.2) lib/rack/methodoverride.rb:21:in `call'
  rack (1.5.2) lib/rack/runtime.rb:17:in `call'
  activesupport (4.1.8) lib/active_support/cache/strategy/local_cache_middleware.rb:26:in `call'
  rack (1.5.2) lib/rack/lock.rb:17:in `call'
  actionpack (4.1.8) lib/action_dispatch/middleware/static.rb:84:in `call'
  rack (1.5.2) lib/rack/sendfile.rb:112:in `call'
  railties (4.1.8) lib/rails/engine.rb:514:in `call'
  railties (4.1.8) lib/rails/application.rb:144:in `call'
  rack (1.5.2) lib/rack/content_length.rb:14:in `call'
  puma (2.9.1) lib/puma/server.rb:490:in `handle_request'
  puma (2.9.1) lib/puma/server.rb:361:in `process_client'
  puma (2.9.1) lib/puma/server.rb:254:in `block in run'
  puma (2.9.1) lib/puma/thread_pool.rb:92:in `call'
  puma (2.9.1) lib/puma/thread_pool.rb:92:in `block in spawn_thread'


  Rendered /Users/alexander/.rvm/gems/ruby-2.1.0/gems/actionpack-4.1.8/lib/action_dispatch/middleware/templates/rescues/_source.erb (0.5ms)
  Rendered /Users/alexander/.rvm/gems/ruby-2.1.0/gems/actionpack-4.1.8/lib/action_dispatch/middleware/templates/rescues/_trace.html.erb (1.3ms)
  Rendered /Users/alexander/.rvm/gems/ruby-2.1.0/gems/actionpack-4.1.8/lib/action_dispatch/middleware/templates/rescues/_request_and_response.html.erb (0.8ms)
  Rendered /Users/alexander/.rvm/gems/ruby-2.1.0/gems/actionpack-4.1.8/lib/action_dispatch/middleware/templates/rescues/diagnostics.erb within rescues/layout (17.9ms)


Started GET "/" for 127.0.0.1 at 2015-05-05 11:33:44 -0400
Processing by WelcomeController#index as HTML
  Rendered welcome/index.erb within layouts/application (0.5ms)
Completed 200 OK in 103ms (Views: 86.6ms | ActiveRecord: 0.0ms)


Started GET "/assets/welcome.css?body=1" for 127.0.0.1 at 2015-05-05 11:33:45 -0400


Started GET "/assets/application.css?body=1" for 127.0.0.1 at 2015-05-05 11:33:45 -0400


Started GET "/assets/jquery.js?body=1" for 127.0.0.1 at 2015-05-05 11:33:45 -0400


Started GET "/assets/jquery_ujs.js?body=1" for 127.0.0.1 at 2015-05-05 11:33:45 -0400


Started GET "/assets/turbolinks.js?body=1" for 127.0.0.1 at 2015-05-05 11:33:45 -0400


Started GET "/assets/welcome.js?body=1" for 127.0.0.1 at 2015-05-05 11:33:45 -0400


Started GET "/assets/application.js?body=1" for 127.0.0.1 at 2015-05-05 11:33:45 -0400


Started GET "/basicForm/" for 127.0.0.1 at 2015-05-05 11:33:49 -0400
Processing by WelcomeController#basic_form as HTML
  Rendered welcome/basic_form.erb within layouts/application (5.0ms)
Completed 200 OK in 26ms (Views: 26.0ms | ActiveRecord: 0.0ms)


Started POST "/basicFormSubmitted/" for 127.0.0.1 at 2015-05-05 11:33:53 -0400
Processing by WelcomeController#basic_form_submitted as HTML
  Parameters: {"utf8"=>"✓", "authenticity_token"=>"/wXdkFsZOYPnKoyJSy4z1uxt8MEME3jn9e1iqIGHQ50=", "visitor"=>{"first_name"=>"Alexander"}, "commit"=>"Greet me!"}
  Rendered welcome/basic_form_submitted.erb within layouts/application (0.3ms)
Completed 200 OK in 50ms (Views: 49.6ms | ActiveRecord: 0.0ms)


Started GET "/" for 127.0.0.1 at 2015-05-05 11:33:55 -0400
Processing by WelcomeController#index as HTML
  Rendered welcome/index.erb within layouts/application (0.0ms)
Completed 200 OK in 20ms (Views: 19.9ms | ActiveRecord: 0.0ms)


Started GET "/basicForm/" for 127.0.0.1 at 2015-05-05 11:33:56 -0400
Processing by WelcomeController#basic_form as HTML
  Rendered welcome/basic_form.erb within layouts/application (0.4ms)
Completed 200 OK in 44ms (Views: 43.4ms | ActiveRecord: 0.0ms)


Started GET "/basicForm/" for 127.0.0.1 at 2015-05-05 11:34:24 -0400
Processing by WelcomeController#basic_form as HTML
  Rendered welcome/basic_form.erb within layouts/application (0.7ms)
Completed 200 OK in 75ms (Views: 74.3ms | ActiveRecord: 0.0ms)


Started GET "/assets/welcome.css?body=1" for 127.0.0.1 at 2015-05-05 11:34:24 -0400


Started GET "/assets/application.css?body=1" for 127.0.0.1 at 2015-05-05 11:34:24 -0400


Started GET "/assets/jquery.js?body=1" for 127.0.0.1 at 2015-05-05 11:34:24 -0400


Started GET "/assets/jquery_ujs.js?body=1" for 127.0.0.1 at 2015-05-05 11:34:24 -0400


Started GET "/assets/turbolinks.js?body=1" for 127.0.0.1 at 2015-05-05 11:34:24 -0400


Started GET "/assets/welcome.js?body=1" for 127.0.0.1 at 2015-05-05 11:34:24 -0400


Started GET "/assets/application.js?body=1" for 127.0.0.1 at 2015-05-05 11:34:24 -0400


Started GET "/basicForm/" for 127.0.0.1 at 2015-05-05 11:34:32 -0400
Processing by WelcomeController#basic_form as HTML
  Rendered welcome/basic_form.erb within layouts/application (0.4ms)
Completed 200 OK in 35ms (Views: 34.4ms | ActiveRecord: 0.0ms)


Started GET "/assets/welcome.css?body=1" for 127.0.0.1 at 2015-05-05 11:34:33 -0400


Started GET "/assets/application.css?body=1" for 127.0.0.1 at 2015-05-05 11:34:33 -0400


Started GET "/assets/jquery_ujs.js?body=1" for 127.0.0.1 at 2015-05-05 11:34:33 -0400


Started GET "/assets/jquery.js?body=1" for 127.0.0.1 at 2015-05-05 11:34:33 -0400


Started GET "/assets/turbolinks.js?body=1" for 127.0.0.1 at 2015-05-05 11:34:33 -0400


Started GET "/assets/welcome.js?body=1" for 127.0.0.1 at 2015-05-05 11:34:33 -0400


Started GET "/assets/application.js?body=1" for 127.0.0.1 at 2015-05-05 11:34:33 -0400
